# JRE version: Java(TM) SE Runtime Environment (8.0_161-b12) (build 1.8.0_161-b12)
# Java VM: Java HotSpot(TM) 64-Bit Server VM (25.161-b12 mixed mode windows-amd64 compressed oops)
Heap:
 par new generation   total 15360K, used 1410K [0x00000000fce00000, 0x00000000fdea0000, 0x00000000fdea0000)
  eden space 13696K,   3% used [0x00000000fce00000, 0x00000000fce7c3b0, 0x00000000fdb60000)
  from space 1664K,  54% used [0x00000000fdb60000, 0x00000000fdc44838, 0x00000000fdd00000)
  to   space 1664K,   0% used [0x00000000fdd00000, 0x00000000fdd00000, 0x00000000fdea0000)
 concurrent mark-sweep generation total 34176K, used 11091K [0x00000000fdea0000, 0x0000000100000000, 0x0000000100000000)
 Metaspace       used 27399K, capacity 28358K, committed 28540K, reserved 1073152K
  class space    used 3608K, capacity 3847K, committed 3964K, reserved 1048576K
GC Heap History (10 events):
Event: 33.563 GC heap before
{Heap before GC invocations=21 (full 1):
 par new generation   total 15360K, used 14678K [0x00000000fce00000, 0x00000000fdea0000, 0x00000000fdea0000)
  eden space 13696K,  99% used [0x00000000fce00000, 0x00000000fdb5f0a8, 0x00000000fdb60000)
  from space 1664K,  59% used [0x00000000fdd00000, 0x00000000fddf67b0, 0x00000000fdea0000)
  to   space 1664K,   0% used [0x00000000fdb60000, 0x00000000fdb60000, 0x00000000fdd00000)
 concurrent mark-sweep generation total 34176K, used 8429K [0x00000000fdea0000, 0x0000000100000000, 0x0000000100000000)
 Metaspace       used 26218K, capacity 27188K, committed 27260K, reserved 1073152K
  class space    used 3471K, capacity 3702K, committed 3708K, reserved 1048576K
Event: 33.572 GC heap after
Heap after GC invocations=22 (full 1):
 par new generation   total 15360K, used 1588K [0x00000000fce00000, 0x00000000fdea0000, 0x00000000fdea0000)
  eden space 13696K,   0% used [0x00000000fce00000, 0x00000000fce00000, 0x00000000fdb60000)
  from space 1664K,  95% used [0x00000000fdb60000, 0x00000000fdced058, 0x00000000fdd00000)
  to   space 1664K,   0% used [0x00000000fdd00000, 0x00000000fdd00000, 0x00000000fdea0000)
 concurrent mark-sweep generation total 34176K, used 9162K [0x00000000fdea0000, 0x0000000100000000, 0x0000000100000000)
 Metaspace       used 26218K, capacity 27188K, committed 27260K, reserved 1073152K
  class space    used 3471K, capacity 3702K, committed 3708K, reserved 1048576K
}
Event: 34.970 GC heap before
{Heap before GC invocations=22 (full 1):
 par new generation   total 15360K, used 15284K [0x00000000fce00000, 0x00000000fdea0000, 0x00000000fdea0000)
  eden space 13696K, 100% used [0x00000000fce00000, 0x00000000fdb60000, 0x00000000fdb60000)
  from space 1664K,  95% used [0x00000000fdb60000, 0x00000000fdced058, 0x00000000fdd00000)
  to   space 1664K,   0% used [0x00000000fdd00000, 0x00000000fdd00000, 0x00000000fdea0000)
 concurrent mark-sweep generation total 34176K, used 9162K [0x00000000fdea0000, 0x0000000100000000, 0x0000000100000000)
 Metaspace       used 26754K, capacity 27732K, committed 27900K, reserved 1073152K
  class space    used 3503K, capacity 3734K, committed 3836K, reserved 1048576K
Event: 34.974 GC heap after
Heap after GC invocations=23 (full 1):
 par new generation   total 15360K, used 1159K [0x00000000fce00000, 0x00000000fdea0000, 0x00000000fdea0000)
  eden space 13696K,   0% used [0x00000000fce00000, 0x00000000fce00000, 0x00000000fdb60000)
  from space 1664K,  69% used [0x00000000fdd00000, 0x00000000fde21c10, 0x00000000fdea0000)
  to   space 1664K,   0% used [0x00000000fdb60000, 0x00000000fdb60000, 0x00000000fdd00000)
 concurrent mark-sweep generation total 34176K, used 10014K [0x00000000fdea0000, 0x0000000100000000, 0x0000000100000000)
 Metaspace       used 26754K, capacity 27732K, committed 27900K, reserved 1073152K
  class space    used 3503K, capacity 3734K, committed 3836K, reserved 1048576K
}
Event: 35.742 GC heap before
{Heap before GC invocations=23 (full 1):
 par new generation   total 15360K, used 14855K [0x00000000fce00000, 0x00000000fdea0000, 0x00000000fdea0000)
  eden space 13696K, 100% used [0x00000000fce00000, 0x00000000fdb60000, 0x00000000fdb60000)
  from space 1664K,  69% used [0x00000000fdd00000, 0x00000000fde21c10, 0x00000000fdea0000)
  to   space 1664K,   0% used [0x00000000fdb60000, 0x00000000fdb60000, 0x00000000fdd00000)
 concurrent mark-sweep generation total 34176K, used 10014K [0x00000000fdea0000, 0x0000000100000000, 0x0000000100000000)
 Metaspace       used 27014K, capacity 27990K, committed 28156K, reserved 1073152K
  class space    used 3543K, capacity 3775K, committed 3836K, reserved 1048576K
Event: 35.745 GC heap after
Heap after GC invocations=24 (full 1):
 par new generation   total 15360K, used 1018K [0x00000000fce00000, 0x00000000fdea0000, 0x00000000fdea0000)
  eden space 13696K,   0% used [0x00000000fce00000, 0x00000000fce00000, 0x00000000fdb60000)
  from space 1664K,  61% used [0x00000000fdb60000, 0x00000000fdc5e820, 0x00000000fdd00000)
  to   space 1664K,   0% used [0x00000000fdd00000, 0x00000000fdd00000, 0x00000000fdea0000)
 concurrent mark-sweep generation total 34176K, used 10014K [0x00000000fdea0000, 0x0000000100000000, 0x0000000100000000)
 Metaspace       used 27014K, capacity 27990K, committed 28156K, reserved 1073152K
  class space    used 3543K, capacity 3775K, committed 3836K, reserved 1048576K
}
Event: 36.351 GC heap before
{Heap before GC invocations=24 (full 1):
 par new generation   total 15360K, used 14714K [0x00000000fce00000, 0x00000000fdea0000, 0x00000000fdea0000)
  eden space 13696K, 100% used [0x00000000fce00000, 0x00000000fdb60000, 0x00000000fdb60000)
  from space 1664K,  61% used [0x00000000fdb60000, 0x00000000fdc5e820, 0x00000000fdd00000)
  to   space 1664K,   0% used [0x00000000fdd00000, 0x00000000fdd00000, 0x00000000fdea0000)
 concurrent mark-sweep generation total 34176K, used 10014K [0x00000000fdea0000, 0x0000000100000000, 0x0000000100000000)
 Metaspace       used 27258K, capacity 28232K, committed 28412K, reserved 1073152K
  class space    used 3584K, capacity 3810K, committed 3836K, reserved 1048576K
Event: 36.354 GC heap after
Heap after GC invocations=25 (full 1):
 par new generation   total 15360K, used 1188K [0x00000000fce00000, 0x00000000fdea0000, 0x00000000fdea0000)
  eden space 13696K,   0% used [0x00000000fce00000, 0x00000000fce00000, 0x00000000fdb60000)
  from space 1664K,  71% used [0x00000000fdd00000, 0x00000000fde29040, 0x00000000fdea0000)
  to   space 1664K,   0% used [0x00000000fdb60000, 0x00000000fdb60000, 0x00000000fdd00000)
 concurrent mark-sweep generation total 34176K, used 10595K [0x00000000fdea0000, 0x0000000100000000, 0x0000000100000000)
 Metaspace       used 27258K, capacity 28232K, committed 28412K, reserved 1073152K
  class space    used 3584K, capacity 3810K, committed 3836K, reserved 1048576K
}
Event: 37.017 GC heap before
{Heap before GC invocations=25 (full 1):
 par new generation   total 15360K, used 14884K [0x00000000fce00000, 0x00000000fdea0000, 0x00000000fdea0000)
  eden space 13696K, 100% used [0x00000000fce00000, 0x00000000fdb60000, 0x00000000fdb60000)
  from space 1664K,  71% used [0x00000000fdd00000, 0x00000000fde29040, 0x00000000fdea0000)
  to   space 1664K,   0% used [0x00000000fdb60000, 0x00000000fdb60000, 0x00000000fdd00000)
 concurrent mark-sweep generation total 34176K, used 10595K [0x00000000fdea0000, 0x0000000100000000, 0x0000000100000000)
 Metaspace       used 27398K, capacity 28358K, committed 28540K, reserved 1073152K
  class space    used 3607K, capacity 3847K, committed 3964K, reserved 1048576K
Event: 37.021 GC heap after
Heap after GC invocations=26 (full 1):
 par new generation   total 15360K, used 914K [0x00000000fce00000, 0x00000000fdea0000, 0x00000000fdea0000)
  eden space 13696K,   0% used [0x00000000fce00000, 0x00000000fce00000, 0x00000000fdb60000)
  from space 1664K,  54% used [0x00000000fdb60000, 0x00000000fdc44838, 0x00000000fdd00000)
  to   space 1664K,   0% used [0x00000000fdd00000, 0x00000000fdd00000, 0x00000000fdea0000)
 concurrent mark-sweep generation total 34176K, used 11091K [0x00000000fdea0000, 0x0000000100000000, 0x0000000100000000)
 Metaspace       used 27398K, capacity 28358K, committed 28540K, reserved 1073152K
  class space    used 3607K, capacity 3847K, committed 3964K, reserved 1048576K
}

